List of compilers and libraries:
/opt/intel/oneapi/mkl/2023.0.0
/home/local/ap/openmpi/4.1.5-oneapi-2023.0.0-classic/bin/mpicc
/home/local/ap/openmpi/4.1.5-oneapi-2023.0.0-classic/bin/mpifort
mpic++ -O3 -march=core-avx2 -ip -no-prec-div -qopenmp -std=c++11  -I/opt/intel/oneapi/mkl/2023.0.0/include/fftw    -c -o leakdetect.o leakdetect.cpp
Poisson.c(534): warning #266: function "fftw_free" declared implicitly
    fftw_free(in);
    ^

Poisson.c(923): warning #266: function "fftw_free" declared implicitly
    fftw_free(in);
    ^

Poisson_ESM.c(1066): warning #266: function "fftw_free" declared implicitly
    fftw_free(in0);
    ^

Poisson_ESM.c(1153): warning #266: function "fftw_free" declared implicitly
    fftw_free(in);
    ^

Cluster_DFT_Col.c(3911): warning #266: function "fftw_free" declared implicitly
    fftw_free(in);
    ^

TRAN_Set_Electrode_Grid.c(670): warning #266: function "fftw_free" declared implicitly
    fftw_free(in);
    ^

TRAN_Poisson.c(853): warning #266: function "fftw_free" declared implicitly
    fftw_free(in);
    ^

TRAN_Poisson.c(1080): warning #266: function "fftw_free" declared implicitly
    fftw_free(in);
    ^

TRAN_Poisson.c(1632): warning #266: function "fftw_free" declared implicitly
    fftw_free(in);
    ^

TRAN_Poisson.c(1676): warning #266: function "fftw_free" declared implicitly
    fftw_free(in);
    ^

Cluster_DFT_NonCol_DMmu.c(421): warning #266: function "Cblacs_barrier" declared implicitly
    Cblacs_barrier(ictxt1,"A");
    ^

Cluster_DFT_NonCol_DMmu.c(422): warning #266: function "pdgemm_" declared implicitly
    F77_NAME(pdgemm,PDGEMM)("N","N",&n,&n,&n,&alpha,rHs11,&ONE,&ONE,descH,Ss,&ONE,&ONE,descS,&beta,Cs,&ONE,&ONE,descC);
    ^

Cluster_DFT_NonCol_DMmu.c(553): warning #266: function "pzgemm_" declared implicitly
    F77_NAME(pzgemm,PZGEMM)("T","T",&n2,&n2,&n2,&alpha,Cs2,&ONE,&ONE,descC2,Ss2,&ONE,&ONE,descS2,&beta,Hs2,&ONE,&ONE,descH2);
    ^

Cluster_DFT_Col_DMmu.c(456): warning #266: function "Cblacs_barrier" declared implicitly
    Cblacs_barrier(ictxt1,"A");
    ^

Cluster_DFT_Col_DMmu.c(457): warning #266: function "pdgemm_" declared implicitly
    F77_NAME(pdgemm,PDGEMM)("N","N",&n,&n,&n,&alpha,Hs,&ONE,&ONE,descH,Ss,&ONE,&ONE,descS,&beta,Cs,&ONE,&ONE,descC);
    ^

precision_macros.h(62): #precision_macros.h(62): #warning: warning: keyword redefined: PRECISION
keyword redefined: PRECISION
precision_macros.h(62): #warning: keyword redefined: PRECISION
precision_macros.h(237): #precision_macros.h(237): #warning: warning: keyword redefined: PRECISION
keyword redefined: PRECISION
precision_macros.h(62): #warning: keyword redefined: PRECISION
precision_macros.h(237): #warning: keyword redefined: PRECISION
precision_macros.h(62): #warning: keyword redefined: PRECISION
precision_macros.h(62): #warning: keyword redefined: PRECISION
precision_macros.h(237): #warning: keyword redefined: PRECISION
precision_macros.h(62): #warning: keyword redefined: PRECISION
precision_macros.h(237): #warning: keyword redefined: PRECISION
precision_macros.h(237): #warning: keyword redefined: PRECISION
./elpa-2018.05.001/pack_unpack_cpu.F90(60): error #7002: Error in opening the compiled module file.  Check INCLUDE paths.   [PRECISION]
./elpa-2018.05.001/pack_unpack_cpu.F90(60): error #7002: Error in opening the compiled module file.  Check INCLUDE paths.   [PRECISION]
./elpa-2018.05.001/real_template.F90(67): error #7002: Error in opening the compiled module file.  Check INCLUDE paths.   [PRECISION]
./elpa-2018.05.001/elpa2_determine_workload.F90(74): error #7002: Error in opening the compiled module file.  Check INCLUDE paths.   [PRECISION]
./elpa-2018.05.001/mod_single_hh_trafo_real.F90(20): error #7002: Error in opening the compiled module file.  Check INCLUDE paths.   [PRECISION]
          use precision
          use precision
./elpa-2018.05.001/complex_template.F90(66): error #7002: Error in opening the compiled module file.  Check INCLUDE paths.   [PRECISION]
    use precision
      use precision
      use precision
--------------^
--------------^
    use precision
--------^
----------^
----------^
--------^
./elpa-2018.05.001/pack_unpack_cpu.F90(63): error #6683: A kind type parameter must be a compile-time constant.   [C_INT]
./elpa-2018.05.001/pack_unpack_cpu.F90(63): error #6683: A kind type parameter must be a compile-time constant.   [C_INT]
./elpa-2018.05.001/elpa2_determine_workload.F90(78): error #6683: A kind type parameter must be a compile-time constant.   [C_INT]
./elpa-2018.05.001/mod_single_hh_trafo_real.F90(27): error #6683: A kind type parameter must be a compile-time constant.   [IK]
          integer(kind=c_int), intent(in)                                     :: obj
          integer(kind=c_int), intent(in)                                     :: obj
./elpa-2018.05.001/complex_template.F90(71): error #6683: A kind type parameter must be a compile-time constant.   [IK]
      integer(kind=c_int), intent(in)                                     :: obj
      integer(kind=ik), intent(in)   :: nb, nq, ldq
-----------------------^
-----------------------^
    integer(kind=ik), intent(in)    :: nb, nq, ldq
./elpa-2018.05.001/redist_band.F90(56): error #7002: Error in opening the compiled module file.  Check INCLUDE paths.   [ELPA2_WORKLOAD]
-------------------^
./elpa-2018.05.001/redist_band.F90(56): error #7002: Error in opening the compiled module file.  Check INCLUDE paths.   [ELPA2_WORKLOAD]
./elpa-2018.05.001/elpa2_determine_workload.F90(79): error #6683: A kind type parameter must be a compile-time constant.   [IK]
-------------------^
-----------------^
./elpa-2018.05.001/pack_unpack_cpu.F90(65): error #6683: A kind type parameter must be a compile-time constant.   [IK]
./elpa-2018.05.001/pack_unpack_cpu.F90(65): error #6683: A kind type parameter must be a compile-time constant.   [IK]
   use elpa2_workload
   use elpa2_workload
      integer(kind=ik), intent(in)  :: na, nb, nprocs
./elpa-2018.05.001/mod_single_hh_trafo_real.F90(30): error #6683: A kind type parameter must be a compile-time constant.   [RK8]
          integer(kind=ik), intent(in)               :: n, stripe_count, stripe_width
./elpa-2018.05.001/complex_template.F90(73): error #6683: A kind type parameter must be a compile-time constant.   [CK8]
          integer(kind=ik), intent(in)               :: n, stripe_count, stripe_width
-------^
-------^
-------------------^
      real(kind=rk8), intent(inout)   :: q(1:ldq, 1:nb)
-----------------------^
    complex(kind=ck8), intent(inout) :: q(ldq,*)
-----------------------^
./elpa-2018.05.001/elpa2_determine_workload.F90(80): error #6683: A kind type parameter must be a compile-time constant.   [IK]
----------------^
./elpa-2018.05.001/pack_unpack_cpu.F90(67): error #6683: A kind type parameter must be a compile-time constant.   [IK]
-----------------^
./elpa-2018.05.001/pack_unpack_cpu.F90(67): error #6683: A kind type parameter must be a compile-time constant.   [IK]
      integer(kind=ik), intent(out) :: limits(0:nprocs)
          integer(kind=ik), intent(in)               :: max_threads, thread_width, l_nev
          integer(kind=ik), intent(in)               :: max_threads, thread_width, l_nev
-------------------^
./elpa-2018.05.001/mod_single_hh_trafo_real.F90(31): error #6683: A kind type parameter must be a compile-time constant.   [RK8]
./elpa-2018.05.001/complex_template.F90(74): error #6683: A kind type parameter must be a compile-time constant.   [CK8]
-----------------------^
-----------------------^
      real(kind=rk8), intent(in)      :: hh(1:nb)
    complex(kind=ck8), intent(in)    :: hh(*)
./elpa-2018.05.001/elpa2_determine_workload.F90(82): error #6683: A kind type parameter must be a compile-time constant.   [IK]
./elpa-2018.05.001/pack_unpack_cpu.F90(71): error #6683: A kind type parameter must be a compile-time constant.   [C_DOUBLE]
./elpa-2018.05.001/pack_unpack_cpu.F90(74): error #6683: A kind type parameter must be a compile-time constant.   [C_DOUBLE]
----------------^
-----------------^
      integer(kind=ik)              :: i
          real(kind=c_double), intent(in)     :: a(:,:,:,:)
          complex(kind=c_double), intent(in)  :: a(:,:,:,:)
./elpa-2018.05.001/mod_single_hh_trafo_real.F90(32): error #6683: A kind type parameter must be a compile-time constant.   [IK]
./elpa-2018.05.001/complex_template.F90(80): error #6683: A kind type parameter must be a compile-time constant.   [IK]
-------------------^
--------------------^
-----------------------^
      integer(kind=ik)               :: i
    integer(kind=ik)                :: i
./elpa-2018.05.001/pack_unpack_cpu.F90(89): error #6683: A kind type parameter must be a compile-time constant.   [C_DOUBLE]
-------------------^
./elpa-2018.05.001/pack_unpack_cpu.F90(92): error #6683: A kind type parameter must be a compile-time constant.   [C_DOUBLE]
-----------------^
          real(kind=c_double)                 :: row(:)
          complex(kind=c_double)              :: row(:)
./elpa-2018.05.001/mod_single_hh_trafo_real.F90(33): error #6683: A kind type parameter must be a compile-time constant.   [RK8]
--------------------^
-----------------------^
      real(kind=rk8)                  :: v(nq)
./elpa-2018.05.001/pack_unpack_cpu.F90(95): error #6683: A kind type parameter must be a compile-time constant.   [IK]
./elpa-2018.05.001/pack_unpack_cpu.F90(95): error #6683: A kind type parameter must be a compile-time constant.   [IK]
----------------^
          integer(kind=ik)                           :: i, noff, nl
          integer(kind=ik)                           :: i, noff, nl
-----------------------^
-----------------------^
./elpa-2018.05.001/pack_unpack_cpu.F90(97): error #6683: A kind type parameter must be a compile-time constant.   [IK]
./elpa-2018.05.001/pack_unpack_cpu.F90(97): error #6683: A kind type parameter must be a compile-time constant.   [IK]
          integer(kind=ik)                           :: nt
          integer(kind=ik)                           :: nt
-----------------------^
-----------------------^
./elpa-2018.05.001/redist_band.F90(57): error #7002: Error in opening the compiled module file.  Check INCLUDE paths.   [PRECISION]
   use precision
-------^
./elpa-2018.05.001/redist_band.F90(57): error #7002: Error in opening the compiled module file.  Check INCLUDE paths.   [PRECISION]
   use precision
-------^
./elpa-2018.05.001/elpa2_determine_workload.F90(108): error #7002: Error in opening the compiled module file.  Check INCLUDE paths.   [PRECISION]
      use precision
----------^
./elpa-2018.05.001/elpa2_determine_workload.F90(111): error #6683: A kind type parameter must be a compile-time constant.   [C_INT]
      integer(kind=c_int), intent(in)                                     :: obj
-------------------^
./elpa-2018.05.001/elpa2_determine_workload.F90(112): error #6683: A kind type parameter must be a compile-time constant.   [IK]
      integer(kind=ik), intent(in)  :: nblocks_total ! total number of blocks in band
-------------------^
./elpa-2018.05.001/elpa2_determine_workload.F90(113): error #6683: A kind type parameter must be a compile-time constant.   [IK]
      integer(kind=ik), intent(in)  :: n_pes         ! number of PEs for division
-------------------^
./elpa-2018.05.001/elpa2_determine_workload.F90(114): error #6683: A kind type parameter must be a compile-time constant.   [IK]
      integer(kind=ik), intent(out) :: block_limits(0:n_pes)
-------------------^
./elpa-2018.05.001/elpa2_determine_workload.F90(116): error #6683: A kind type parameter must be a compile-time constant.   [IK]
      integer(kind=ik)              :: n, nblocks, nblocks_left
-------------------^
./elpa-2018.05.001/pack_unpack_cpu.F90(142): error #7002: Error in opening the compiled module file.  Check INCLUDE paths.   [PRECISION]
          use precision
--------------^
./elpa-2018.05.001/pack_unpack_cpu.F90(145): error #6683: A kind type parameter must be a compile-time constant.   [C_INT]
          integer(kind=c_int), intent(in)                                     :: obj
-----------------------^
./elpa-2018.05.001/pack_unpack_cpu.F90(146): error #6683: A kind type parameter must be a compile-time constant.   [IK]
          integer(kind=ik), intent(in)               :: n, stripe_count, stripe_width
./elpa-2018.05.001/pack_unpack_cpu.F90(142): error #7002: Error in opening the compiled module file.  Check INCLUDE paths.   [PRECISION]
-----------------------^
          use precision
--------------^
./elpa-2018.05.001/pack_unpack_cpu.F90(150): error #6683: A kind type parameter must be a compile-time constant.   [IK]
./elpa-2018.05.001/pack_unpack_cpu.F90(145): error #6683: A kind type parameter must be a compile-time constant.   [C_INT]
          integer(kind=ik), intent(in)               :: thread_width, l_nev, my_thread
          integer(kind=c_int), intent(in)                                     :: obj
-----------------------^
-----------------------^
./elpa-2018.05.001/pack_unpack_cpu.F90(152): error #6683: A kind type parameter must be a compile-time constant.   [C_DOUBLE]
./elpa-2018.05.001/pack_unpack_cpu.F90(146): error #6683: A kind type parameter must be a compile-time constant.   [IK]
          real(kind=c_double)                 :: a(:,:,:,:)
          integer(kind=ik), intent(in)               :: n, stripe_count, stripe_width
--------------------^
-----------------------^
./elpa-2018.05.001/pack_unpack_cpu.F90(170): error #6683: A kind type parameter must be a compile-time constant.   [C_DOUBLE]
./elpa-2018.05.001/pack_unpack_cpu.F90(150): error #6683: A kind type parameter must be a compile-time constant.   [IK]
          real(kind=c_double), intent(in)     :: row(:)
          integer(kind=ik), intent(in)               :: thread_width, l_nev, my_thread
--------------------^
-----------------------^
./elpa-2018.05.001/pack_unpack_cpu.F90(175): error #6683: A kind type parameter must be a compile-time constant.   [IK]
./elpa-2018.05.001/pack_unpack_cpu.F90(155): error #6683: A kind type parameter must be a compile-time constant.   [C_DOUBLE]
          integer(kind=ik)                           :: i, noff, nl
          complex(kind=c_double)              :: a(:,:,:,:)
-----------------------^
-----------------------^
./elpa-2018.05.001/pack_unpack_cpu.F90(173): error #6683: A kind type parameter must be a compile-time constant.   [C_DOUBLE]
          complex(kind=c_double), intent(in)  :: row(:)
-----------------------^
./elpa-2018.05.001/complex_template.F90(181): error #7002: Error in opening the compiled module file.  Check INCLUDE paths.   [PRECISION]
./elpa-2018.05.001/pack_unpack_cpu.F90(175): error #6683: A kind type parameter must be a compile-time constant.   [IK]
    use precision
          integer(kind=ik)                           :: i, noff, nl
--------^
-----------------------^
./elpa-2018.05.001/complex_template.F90(184): error #6683: A kind type parameter must be a compile-time constant.   [IK]
    integer(kind=ik), intent(in)    :: nb, nq, ldq, ldh
-----------------^
./elpa-2018.05.001/complex_template.F90(186): error #6683: A kind type parameter must be a compile-time constant.   [CK8]
    complex(kind=ck8), intent(inout) :: q(ldq,*)
-----------------^
./elpa-2018.05.001/complex_template.F90(187): error #6683: A kind type parameter must be a compile-time constant.   [CK8]
    complex(kind=ck8), intent(in)    :: hh(ldh,*)
-----------------^
./elpa-2018.05.001/elpa_solve_evp_real_2stage_double_impl.F90(67): error #7002: Error in opening the compiled module file.  Check INCLUDE paths.   [ELPA2_COMPUTE_REAL]
./elpa-2018.05.001/complex_template.F90(192): error #6683: A kind type parameter must be a compile-time constant.   [CK8]
   use elpa2_compute_real
    complex(kind=ck8)                :: s
-------^
./elpa-2018.05.001/elpa1_compute_complex.F90(56): error #7002: Error in opening the compiled module file.  Check INCLUDE paths.   [ELPA_UTILITIES]
-----------------^
  use elpa_utilities
./elpa-2018.05.001/complex_template.F90(194): error #6683: A kind type parameter must be a compile-time constant.   [IK]
------^
    integer(kind=ik)                 :: i
-----------------^
./elpa-2018.05.001/elpa_solve_evp_complex_2stage_double_impl.F90(67): error #7002: Error in opening the compiled module file.  Check INCLUDE paths.   [ELPA2_COMPUTE_COMPLEX]
   use elpa2_compute_complex
-------^
./elpa-2018.05.001/complex_template.F90(321): error #7002: Error in opening the compiled module file.  Check INCLUDE paths.   [PRECISION]
    use precision
--------^
./elpa-2018.05.001/complex_template.F90(324): error #6683: A kind type parameter must be a compile-time constant.   [IK]
    integer(kind=ik), intent(in)    :: nb, ldq
-----------------^
./elpa-2018.05.001/complex_template.F90(326): error #6683: A kind type parameter must be a compile-time constant.   [CK8]
    complex(kind=ck8), intent(inout) :: q(ldq,*)
-----------------^
./elpa-2018.05.001/complex_template.F90(327): error #6683: A kind type parameter must be a compile-time constant.   [CK8]
    complex(kind=ck8), intent(in)    :: hh(*)
-----------------^
./elpa-2018.05.001/complex_template.F90(332): error #6683: A kind type parameter must be a compile-time constant.   [CK8]
    complex(kind=ck8)                :: x1, x2, x3, x4, x5, x6, x7, x8, x9, xa, xb, xc
-----------------^
./elpa-2018.05.001/complex_template.F90(333): error #6683: A kind type parameter must be a compile-time constant.   [CK8]
    complex(kind=ck8)                :: h1, tau1
-----------------^
./elpa-2018.05.001/complex_template.F90(334): error #6683: A kind type parameter must be a compile-time constant.   [IK]
    integer(kind=ik)                :: i
-----------------^
./elpa-2018.05.001/complex_template.F90(443): error #7002: Error in opening the compiled module file.  Check INCLUDE paths.   [PRECISION]
    use precision
--------^
./elpa-2018.05.001/complex_template.F90(446): error #6683: A kind type parameter must be a compile-time constant.   [IK]
    integer(kind=ik), intent(in)    :: nb, ldq
-----------------^
./elpa-2018.05.001/complex_template.F90(448): error #6683: A kind type parameter must be a compile-time constant.   [CK8]
    complex(kind=ck8), intent(inout) :: q(ldq,*)
-----------------^
./elpa-2018.05.001/complex_template.F90(449): error #6683: A kind type parameter must be a compile-time constant.   [CK8]
    complex(kind=ck8), intent(in)    :: hh(*)
-----------------^
./elpa-2018.05.001/complex_template.F90(454): error #6683: A kind type parameter must be a compile-time constant.   [CK8]
    complex(kind=ck8)                :: x1, x2, x3, x4, x5, x6, x7, x8
-----------------^
./elpa-2018.05.001/complex_template.F90(455): error #6683: A kind type parameter must be a compile-time constant.   [CK8]
    complex(kind=ck8)                :: h1, tau1
-----------------^
./elpa-2018.05.001/complex_template.F90(456): error #6683: A kind type parameter must be a compile-time constant.   [IK]
    integer(kind=ik)                :: i
-----------------^
./elpa-2018.05.001/elpa_solve_evp_real_2stage_double_impl.F90(68): error #7002: Error in opening the compiled module file.  Check INCLUDE paths.   [ELPA1_COMPUTE_REAL]
   use elpa1_compute_real
-------^
compilation aborted for ./elpa-2018.05.001/mod_single_hh_trafo_real.F90 (code 1)
./elpa-2018.05.001/elpa_solve_evp_complex_2stage_double_impl.F90(68): error #7002: Error in opening the compiled module file.  Check INCLUDE paths.   [ELPA1_COMPUTE_COMPLEX]
   use elpa1_compute_complex
-------^
./elpa-2018.05.001/complex_template.F90(545): error #7002: Error in opening the compiled module file.  Check INCLUDE paths.   [PRECISION]
    use precision
--------^
./elpa-2018.05.001/complex_template.F90(548): error #6683: A kind type parameter must be a compile-time constant.   [IK]
    integer(kind=ik), intent(in)    :: nb, ldq
-----------------^
./elpa-2018.05.001/complex_template.F90(550): error #6683: A kind type parameter must be a compile-time constant.   [CK8]
    complex(kind=ck8), intent(inout) :: q(ldq,*)
-----------------^
./elpa-2018.05.001/complex_template.F90(551): error #6683: A kind type parameter must be a compile-time constant.   [CK8]
    complex(kind=ck8), intent(in)    :: hh(*)
-----------------^
./elpa-2018.05.001/complex_template.F90(556): error #6683: A kind type parameter must be a compile-time constant.   [CK8]
    complex(kind=ck8)                :: x1, x2, x3, x4
-----------------^
/tmp/ifortBCpikC.i90(607): catastrophic error: Too many errors, exiting
./elpa-2018.05.001/elpa_solve_evp_complex_2stage_double_impl.F90(69): error #7002: Error in opening the compiled module file.  Check INCLUDE paths.   [ELPA1_COMPUTE_REAL]
   use elpa1_compute_real
-------^
compilation aborted for ./elpa-2018.05.001/mod_pack_unpack_cpu_real.F90 (code 1)
compilation aborted for ./elpa-2018.05.001/mod_pack_unpack_cpu_complex.F90 (code 1)
make: *** [makefile:1205: mod_single_hh_trafo_real.o] Error 1
make: *** Waiting for unfinished jobs....
compilation aborted for ./elpa-2018.05.001/elpa2_determine_workload.F90 (code 1)
./elpa-2018.05.001/elpa1_compute_real.F90(56): error #7002: Error in opening the compiled module file.  Check INCLUDE paths.   [ELPA_UTILITIES]
  use elpa_utilities
------^
./elpa-2018.05.001/elpa_solve_evp_complex_2stage_double_impl.F90(70): error #7002: Error in opening the compiled module file.  Check INCLUDE paths.   [ELPA_UTILITIES]
   use elpa_utilities
-------^
make: *** [makefile:1191: mod_pack_unpack_cpu_real.o] Error 1
make: *** [makefile:1193: mod_pack_unpack_cpu_complex.o] Error 1
make: *** [makefile:1199: elpa2_determine_workload.o] Error 1
compilation aborted for ./elpa-2018.05.001/complex.F90 (code 1)
./elpa-2018.05.001/elpa2_compute_complex.F90(57): error #7002: Error in opening the compiled module file.  Check INCLUDE paths.   [ELPA_UTILITIES]
  use elpa_utilities
------^
./elpa-2018.05.001/elpa2_compute_complex.F90(58): error #7002: Error in opening the compiled module file.  Check INCLUDE paths.   [ELPA1_COMPUTE_COMPLEX]
  USE elpa1_compute_complex
------^
make: *** [makefile:1203: complex.o] Error 1
./elpa-2018.05.001/elpa2_compute_complex.F90(59): error #7002: Error in opening the compiled module file.  Check INCLUDE paths.   [PRECISION]
  use precision
------^
./elpa-2018.05.001/elpa2_compute_real.F90(57): error #7002: Error in opening the compiled module file.  Check INCLUDE paths.   [ELPA_UTILITIES]
  use elpa_utilities
------^
./elpa-2018.05.001/elpa2_compute_real.F90(58): error #7002: Error in opening the compiled module file.  Check INCLUDE paths.   [ELPA1_COMPUTE_REAL]
  USE elpa1_compute_real
------^
./elpa-2018.05.001/elpa2_compute_real.F90(59): error #7002: Error in opening the compiled module file.  Check INCLUDE paths.   [PRECISION]
  use precision
------^
./elpa-2018.05.001/real_template.F90(73): error #6683: A kind type parameter must be a compile-time constant.   [IK]
    integer(kind=ik), intent(in)            :: nb, nq, ldq, ldh
-----------------^
./elpa-2018.05.001/real_template.F90(83): error #6683: A kind type parameter must be a compile-time constant.   [IK]
    integer(kind=ik)                        :: i
-----------------^
compilation aborted for ./elpa-2018.05.001/real.F90 (code 1)
make: *** [makefile:1201: real.o] Error 1
./elpa-2018.05.001/redist_band.F90(59): error #7002: Error in opening the compiled module file.  Check INCLUDE paths.   [ELPA_UTILITIES]
   use elpa_utilities, only : local_index
-------^
./elpa-2018.05.001/redist_band.F90(59): error #7002: Error in opening the compiled module file.  Check INCLUDE paths.   [ELPA_UTILITIES]
   use elpa_utilities, only : local_index
./elpa-2018.05.001/redist_band.F90(66): error #6683: A kind type parameter must be a compile-time constant.   [IK]
-------^
   integer(kind=ik), intent(in)                     :: lda, na, nblk, nbw, matrixCols, mpi_comm_rows, mpi_comm_cols, communicator
----------------^
./elpa-2018.05.001/redist_band.F90(70): error #6683: A kind type parameter must be a compile-time constant.   [IK]
./elpa-2018.05.001/redist_band.F90(66): error #6683: A kind type parameter must be a compile-time constant.   [IK]
   integer(kind=ik), allocatable                    :: ncnt_s(:), nstart_s(:), ncnt_r(:), nstart_r(:), &
   integer(kind=ik), intent(in)                     :: lda, na, nblk, nbw, matrixCols, mpi_comm_rows, mpi_comm_cols, communicator
----------------^
----------------^
./elpa-2018.05.001/redist_band.F90(74): error #6683: A kind type parameter must be a compile-time constant.   [IK]
   integer(kind=ik)                                 :: i, j, my_pe, n_pes, my_prow, np_rows, my_pcol, np_cols, &
./elpa-2018.05.001/redist_band.F90(70): error #6683: A kind type parameter must be a compile-time constant.   [IK]
----------------^
   integer(kind=ik), allocatable                    :: ncnt_s(:), nstart_s(:), ncnt_r(:), nstart_r(:), &
./elpa-2018.05.001/redist_band.F90(76): error #6683: A kind type parameter must be a compile-time constant.   [IK]
----------------^
   integer(kind=ik)                                 :: nblocks_total, il, jl, l_rows, l_cols, n_off
----------------^
./elpa-2018.05.001/redist_band.F90(74): error #6683: A kind type parameter must be a compile-time constant.   [IK]
   integer(kind=ik)                                 :: i, j, my_pe, n_pes, my_prow, np_rows, my_pcol, np_cols, &
----------------^
./elpa-2018.05.001/redist_band.F90(76): error #6683: A kind type parameter must be a compile-time constant.   [IK]
   integer(kind=ik)                                 :: nblocks_total, il, jl, l_rows, l_cols, n_off
----------------^
./elpa-2018.05.001/redist_band.F90(155): error #6406: Conflicting attributes or multiple declaration of name.   [LOCAL_INDEX]
   l_rows = local_index(na, my_prow, np_rows, nblk, -1) ! Local rows of a_mat
./elpa-2018.05.001/redist_band.F90(155): error #6406: Conflicting attributes or multiple declaration of name.   [LOCAL_INDEX]
------------^
   l_rows = local_index(na, my_prow, np_rows, nblk, -1) ! Local rows of a_mat
./elpa-2018.05.001/redist_band.F90(156): error #6406: Conflicting attributes or multiple declaration of name.   [LOCAL_INDEX]
------------^
   l_cols = local_index(na, my_pcol, np_cols, nblk, -1) ! Local columns of a_mat
./elpa-2018.05.001/redist_band.F90(156): error #6406: Conflicting attributes or multiple declaration of name.   [LOCAL_INDEX]
------------^
   l_cols = local_index(na, my_pcol, np_cols, nblk, -1) ! Local columns of a_mat
------------^
./elpa-2018.05.001/redist_band.F90(59): error #6580: Name in only-list does not exist or is not accessible.   [LOCAL_INDEX]
   use elpa_utilities, only : local_index
./elpa-2018.05.001/redist_band.F90(59): error #6580: Name in only-list does not exist or is not accessible.   [LOCAL_INDEX]
------------------------------^
   use elpa_utilities, only : local_index
------------------------------^
./elpa-2018.05.001/elpa2_compute_real.F90(80): error #6683: A kind type parameter must be a compile-time constant.   [IK]
  integer(kind=ik), public :: which_qr_decomposition = 1     ! defines, which QR-decomposition algorithm will be used
---------------^
./elpa-2018.05.001/elpa2_bandred_template.F90(104): error #7002: Error in opening the compiled module file.  Check INCLUDE paths.   [ELPA1_COMPUTE_REAL]
      use elpa1_compute_real
----------^
./elpa-2018.05.001/elpa2_compute_complex.F90(62): error #7002: Error in opening the compiled module file.  Check INCLUDE paths.   [REDIST_COMPLEX]
  use redist_complex
------^
./elpa-2018.05.001/compute_hh_trafo.F90(75): error #7002: Error in opening the compiled module file.  Check INCLUDE paths.   [SINGLE_HH_TRAFO_REAL]
         use single_hh_trafo_real
-------------^
compilation aborted for ./elpa-2018.05.001/mod_redist_band_complex.F90 (code 1)
compilation aborted for ./elpa-2018.05.001/mod_redist_band_real.F90 (code 1)
make: *** [makefile:1197: mod_redist_band_complex.o] Error 1
./elpa-2018.05.001/elpa2_compute_complex.F90(63): error #7002: Error in opening the compiled module file.  Check INCLUDE paths.   [PACK_UNPACK_CPU_COMPLEX]
  use pack_unpack_cpu_complex
------^
make: *** [makefile:1195: mod_redist_band_real.o] Error 1
compilation aborted for ./elpa-2018.05.001/mod_compute_hh_trafo_real.F90 (code 1)
./elpa-2018.05.001/elpa2_bandred_template.F90(104): error #7002: Error in opening the compiled module file.  Check INCLUDE paths.   [ELPA1_COMPUTE_REAL]
      use elpa1_compute_real
----------^
make: *** [makefile:1207: mod_compute_hh_trafo_real.o] Error 1
./elpa-2018.05.001/elpa2_herm_matrix_allreduce_complex_template.F90(66): error #6683: A kind type parameter must be a compile-time constant.   [IK]
      integer(kind=ik)               :: n, lda, ldb, comm
-------------------^
./elpa-2018.05.001/elpa2_symm_matrix_allreduce_real_template.F90(65): error #6683: A kind type parameter must be a compile-time constant.   [IK]
./elpa-2018.05.001/elpa2_herm_matrix_allreduce_complex_template.F90(67): error #6683: A kind type parameter must be a compile-time constant.   [CK8]
      integer(kind=ik)             :: n, lda, ldb, comm
      complex(kind=CK8) :: a(lda,ldb)
-------------------^
-------------------^
./elpa-2018.05.001/elpa2_symm_matrix_allreduce_real_template.F90(67): error #6683: A kind type parameter must be a compile-time constant.   [RK8]
./elpa-2018.05.001/elpa2_herm_matrix_allreduce_complex_template.F90(69): error #6683: A kind type parameter must be a compile-time constant.   [IK]
      real(kind=rk8)     :: a(lda,*)
      integer(kind=ik)               :: i, nc, mpierr
----------------^
-------------------^
./elpa-2018.05.001/elpa2_symm_matrix_allreduce_real_template.F90(71): error #6683: A kind type parameter must be a compile-time constant.   [IK]
./elpa-2018.05.001/elpa2_herm_matrix_allreduce_complex_template.F90(70): error #6683: A kind type parameter must be a compile-time constant.   [CK8]
      integer(kind=ik)             :: i, nc, mpierr
      complex(kind=CK8) :: h1(n*n), h2(n*n)
-------------------^
-------------------^
./elpa-2018.05.001/elpa2_symm_matrix_allreduce_real_template.F90(72): error #6683: A kind type parameter must be a compile-time constant.   [RK8]
      real(kind=rk8)     :: h1(n*n), h2(n*n)
----------------^
./elpa-2018.05.001/elpa_solve_evp_complex_2stage_double_impl.F90(383): error #6404: This name does not have a type, and must have an explicit type.   [LOCAL_INDEX]
     l_rows = local_index(na, my_prow, np_rows, nblk, -1) ! Local rows of a and q
--------------^
./elpa-2018.05.001/elpa_solve_evp_complex_2stage_double_impl.F90(468): error #6632: Keyword arguments are invalid without an explicit interface.   [SUCCESS]
       nrThreads, success=success, kernel=kernel)
------------------^
./elpa-2018.05.001/elpa_solve_evp_complex_2stage_double_impl.F90(468): error #6632: Keyword arguments are invalid without an explicit interface.   [KERNEL]
       nrThreads, success=success, kernel=kernel)
-----------------------------------^
./elpa-2018.05.001/elpa_solve_evp_real_2stage_double_impl.F90(466): error #6632: Keyword arguments are invalid without an explicit interface.   [SUCCESS]
       nrThreads, success=success, kernel=kernel)
------------------^
./elpa-2018.05.001/elpa_solve_evp_real_2stage_double_impl.F90(466): error #6632: Keyword arguments are invalid without an explicit interface.   [KERNEL]
       nrThreads, success=success, kernel=kernel)
-----------------------------------^
./elpa-2018.05.001/elpa2_tridiag_band_template.F90(84): error #7002: Error in opening the compiled module file.  Check INCLUDE paths.   [ELPA2_WORKLOAD]
      use elpa2_workload
----------^
./elpa-2018.05.001/elpa2_tridiag_band_template.F90(87): error #7002: Error in opening the compiled module file.  Check INCLUDE paths.   [ELPA2_WORKLOAD]
      use elpa2_workload
----------^
compilation aborted for ./elpa-2018.05.001/elpa_solve_evp_complex_2stage_double_impl.F90 (code 1)
compilation aborted for ./elpa-2018.05.001/elpa_solve_evp_real_2stage_double_impl.F90 (code 1)
./elpa-2018.05.001/elpa2_tridiag_band_template.F90(90): error #7002: Error in opening the compiled module file.  Check INCLUDE paths.   [REDIST_REAL]
./elpa-2018.05.001/elpa2_tridiag_band_template.F90(87): error #7002: Error in opening the compiled module file.  Check INCLUDE paths.   [REDIST_REAL]
      use redist_real
      use redist_real
----------^
----------^
make: *** [makefile:1217: elpa_solve_evp_complex_2stage_double_impl.o] Error 1
make: *** [makefile:1215: elpa_solve_evp_real_2stage_double_impl.o] Error 1
./elpa-2018.05.001/elpa2_trans_ev_tridi_to_band_template.F90(90): error #7002: Error in opening the compiled module file.  Check INCLUDE paths.   [ELPA2_WORKLOAD]
      use elpa2_workload
----------^
./elpa-2018.05.001/elpa2_trans_ev_tridi_to_band_template.F90(90): error #7002: Error in opening the compiled module file.  Check INCLUDE paths.   [ELPA2_WORKLOAD]
      use elpa2_workload
----------^
./elpa-2018.05.001/elpa2_trans_ev_tridi_to_band_template.F90(91): error #7002: Error in opening the compiled module file.  Check INCLUDE paths.   [PACK_UNPACK_CPU_REAL]
./elpa-2018.05.001/elpa2_trans_ev_tridi_to_band_template.F90(91): error #7002: Error in opening the compiled module file.  Check INCLUDE paths.   [PACK_UNPACK_CPU_REAL]
      use pack_unpack_cpu_real
      use pack_unpack_cpu_real
----------^
----------^
./elpa-2018.05.001/elpa2_trans_ev_tridi_to_band_template.F90(92): error #7002: Error in opening the compiled module file.  Check INCLUDE paths.   [COMPUTE_HH_TRAFO_REAL]
./elpa-2018.05.001/elpa2_trans_ev_tridi_to_band_template.F90(92): error #7002: Error in opening the compiled module file.  Check INCLUDE paths.   [COMPUTE_HH_TRAFO_REAL]
      use compute_hh_trafo_real
      use compute_hh_trafo_real
----------^
----------^
./elpa-2018.05.001/elpa2_bandred_template.F90(227): error #6404: This name does not have a type, and must have an explicit type.   [LEAST_COMMON_MULTIPLE]
      tile_size = nblk*least_common_multiple(np_rows,np_cols) ! minimum global tile size
-----------------------^
./elpa-2018.05.001/elpa2_bandred_template.F90(249): error #6404: This name does not have a type, and must have an explicit type.   [LOCAL_INDEX]
        l_cols = local_index(istep*nbw, my_pcol, np_cols, nblk, -1)
-----------------^
./elpa-2018.05.001/elpa2_bandred_template.F90(317): error #6404: This name does not have a type, and must have an explicit type.   [PCOL]
           cur_pcol = pcol(ncol, nblk, np_cols) ! Processor column owning current block
----------------------^
./elpa-2018.05.001/elpa2_bandred_template.F90(326): error #6404: This name does not have a type, and must have an explicit type.   [PROW]
             if (my_prow==prow(nrow, nblk, np_rows)) then
--------------------------^
./elpa-2018.05.001/elpa2_compute_real.F90(133): error #7002: Error in opening the compiled module file.  Check INCLUDE paths.   [ELPA2_WORKLOAD]
      use elpa2_workload
----------^
./elpa-2018.05.001/elpa2_bandred_template.F90(591): error #6633: The type of the actual argument differs from the type of the dummy argument.   [VAV]
                         (obj, n_cols,vav, nbw, nbw,mpi_comm_rows)
--------------------------------------^
./elpa-2018.05.001/elpa2_bandred_template.F90(879): error #6633: The type of the actual argument differs from the type of the dummy argument.   [VAV]
                              (obj, n_cols,vav, nbw, nbw ,mpi_comm_cols)
-------------------------------------------^
./elpa-2018.05.001/elpa2_compute_real.F90(465): error #6683: A kind type parameter must be a compile-time constant.   [IK]
      integer(kind=ik), intent(in)            :: n      !length of householder-vectors
-------------------^
./elpa-2018.05.001/elpa2_compute_real.F90(466): error #6683: A kind type parameter must be a compile-time constant.   [IK]
      integer(kind=ik), intent(in)            :: nb     !number of householder-vectors
-------------------^
./elpa-2018.05.001/elpa2_compute_real.F90(467): error #6683: A kind type parameter must be a compile-time constant.   [IK]
      integer(kind=ik), intent(in)            :: lda        !leading dimension of Y and W
-------------------^
./elpa-2018.05.001/elpa2_compute_real.F90(473): error #6683: A kind type parameter must be a compile-time constant.   [IK]
      integer(kind=ik)                        :: i
-------------------^
./elpa-2018.05.001/elpa2_compute_real.F90(493): error #6683: A kind type parameter must be a compile-time constant.   [IK]
      integer(kind=ik), intent(in)            :: n      !width of the matrix A
-------------------^
./elpa-2018.05.001/elpa2_compute_real.F90(494): error #6683: A kind type parameter must be a compile-time constant.   [IK]
      integer(kind=ik), intent(in)            :: m      !length of matrix W and Y
-------------------^
./elpa-2018.05.001/elpa2_compute_real.F90(495): error #6683: A kind type parameter must be a compile-time constant.   [IK]
      integer(kind=ik), intent(in)            :: nb     !width of matrix W and Y
-------------------^
./elpa-2018.05.001/elpa2_compute_real.F90(496): error #6683: A kind type parameter must be a compile-time constant.   [IK]
      integer(kind=ik), intent(in)            :: lda        !leading dimension of A
-------------------^
./elpa-2018.05.001/elpa2_compute_real.F90(497): error #6683: A kind type parameter must be a compile-time constant.   [IK]
      integer(kind=ik), intent(in)            :: lda2       !leading dimension of W and Y
-------------------^
./elpa-2018.05.001/elpa2_compute_real.F90(516): error #6683: A kind type parameter must be a compile-time constant.   [IK]
      integer(kind=ik), intent(in)            :: n      !height of the matrix A
-------------------^
./elpa-2018.05.001/elpa2_compute_real.F90(517): error #6683: A kind type parameter must be a compile-time constant.   [IK]
      integer(kind=ik), intent(in)            :: m      !length of matrix W and Y
-------------------^
./elpa-2018.05.001/elpa2_compute_real.F90(518): error #6683: A kind type parameter must be a compile-time constant.   [IK]
      integer(kind=ik), intent(in)            :: nb     !width of matrix W and Y
-------------------^
./elpa-2018.05.001/elpa2_compute_real.F90(519): error #6683: A kind type parameter must be a compile-time constant.   [IK]
      integer(kind=ik), intent(in)            :: lda        !leading dimension of A
-------------------^
./elpa-2018.05.001/elpa2_compute_real.F90(520): error #6683: A kind type parameter must be a compile-time constant.   [IK]
./elpa-2018.05.001/elpa2_trans_ev_band_to_full_template.F90(285): error #6404: This name does not have a type, and must have an explicit type.   [LOCAL_INDEX]
      integer(kind=ik), intent(in)            :: lda2       !leading dimension of W and Y
        l_cols = local_index(nqc, my_pcol, np_cols, nblk, -1) ! Local columns of q_mat
-------------------^
-----------------^
./elpa-2018.05.001/elpa2_trans_ev_band_to_full_template.F90(327): error #6404: This name does not have a type, and must have an explicit type.   [PCOL]
./elpa-2018.05.001/elpa2_compute_real.F90(541): error #6683: A kind type parameter must be a compile-time constant.   [IK]
            if (my_pcol==pcol(ncol, nblk, np_cols)) hvb(nb+1:nb+l_rows) = a_mat(1:l_rows,l_colh)
      integer(kind=ik), intent(in)            :: n      !width/heigth of the matrix A; length of matrix W and Y
-------------------------^
-------------------^
/tmp/ifortdxNDUe.i90(4678): catastrophic error: Too many errors, exiting
./elpa-2018.05.001/elpa2_trans_ev_band_to_full_template.F90(333): error #6285: There is no matching specific subroutine for this generic subroutine call.   [MPI_BCAST]
              call MPI_Bcast(hvb(ns+1), nb-ns, MPI_DOUBLE_COMPLEX,    &
-------------------^
./elpa-2018.05.001/elpa2_trans_ev_band_to_full_template.F90(354): error #6404: This name does not have a type, and must have an explicit type.   [PROW]
            if (my_prow==prow(nrow, nblk, np_rows)) hvm(l_rows+1,lc) = 1.0_rck
-------------------------^
./elpa-2018.05.001/elpa2_trans_ev_tridi_to_band_template.F90(231): error #6404: This name does not have a type, and must have an explicit type.   [ERROR_UNIT]
            write(error_unit,*) 'ELPA2_trans_ev_tridi_to_band_&
------------------^
./elpa-2018.05.001/elpa2_trans_ev_tridi_to_band_template.F90(247): error #6404: This name does not have a type, and must have an explicit type.   [LOCAL_INDEX]
      l_nev = local_index(nev, my_pcol, np_cols, nblk, -1)
--------------^
compilation aborted for ./elpa-2018.05.001/elpa2_compute_real.F90 (code 1)
make: *** [makefile:1211: elpa2_compute_real.o] Error 1
compilation aborted for ./elpa-2018.05.001/elpa2_compute_complex.F90 (code 1)
./elpa-2018.05.001/elpa_transpose_vectors.F90(110): error #6404: This name does not have a type, and must have an explicit type.   [LEAST_COMMON_MULTIPLE]
   lcm_s_t   = least_common_multiple(nps,npt) ! least common multiple of nps, npt
---------------^
./elpa-2018.05.001/elpa_reduce_add_vectors.F90(106): error #6404: This name does not have a type, and must have an explicit type.   [LEAST_COMMON_MULTIPLE]
   lcm_s_t   = least_common_multiple(nps,npt) ! least common multiple of nps, npt
---------------^
make: *** [makefile:1213: elpa2_compute_complex.o] Error 1
compilation aborted for ./elpa-2018.05.001/elpa1_compute_complex.F90 (code 1)
make: *** [makefile:1187: elpa1_compute_complex.o] Error 1
./elpa-2018.05.001/elpa_transpose_vectors.F90(110): error #6404: This name does not have a type, and must have an explicit type.   [LEAST_COMMON_MULTIPLE]
   lcm_s_t   = least_common_multiple(nps,npt) ! least common multiple of nps, npt
---------------^
./elpa-2018.05.001/elpa_reduce_add_vectors.F90(106): error #6404: This name does not have a type, and must have an explicit type.   [LEAST_COMMON_MULTIPLE]
   lcm_s_t   = least_common_multiple(nps,npt) ! least common multiple of nps, npt
---------------^
./elpa-2018.05.001/elpa1_solve_tridi_real_template.F90(98): error #6404: This name does not have a type, and must have an explicit type.   [LOCAL_INDEX]
      l_rows = local_index(na, my_prow, np_rows, nblk, -1) ! Local rows of a and q
---------------^
./elpa-2018.05.001/elpa1_solve_tridi_real_template.F90(98): error #6404: This name does not have a type, and must have an explicit type.   [LOCAL_INDEX]
      l_rows = local_index(na, my_prow, np_rows, nblk, -1) ! Local rows of a and q
---------------^
./elpa-2018.05.001/elpa1_merge_systems_real_template.F90(171): error #6404: This name does not have a type, and must have an explicit type.   [LOCAL_INDEX]
      l_rqs = local_index(nqoff+1 , my_prow, np_rows, nblk, +1) ! First row of Q
--------------^
./elpa-2018.05.001/elpa1_merge_systems_real_template.F90(1078): error #6404: This name does not have a type, and must have an explicit type.   [ERROR_UNIT]
              if (wantDebug) write(error_unit,'(a,a,i8,2g25.17)') 'ELPA1_check_monotony: Monotony error on ',text,i,d(i),d(i+1)
-----------------------------------^
compilation aborted for ./elpa-2018.05.001/elpa1_compute_real.F90 (code 1)
make: *** [makefile:1185: elpa1_compute_real.o] Error 1
precision_macros.h(237): #warning: keyword redefined: PRECISION
precision_macros.h(62): #warning: keyword redefined: PRECISION
precision_macros.h(62): #warning: keyword redefined: PRECISION
precision_macros.h(62): #warning: keyword redefined: PRECISION
precision_macros.h(237): #warning: keyword redefined: PRECISION
precision_macros.h(237): #warning: keyword redefined: PRECISION
precision_macros.h(62): #warning: keyword redefined: PRECISION
precision_macros.h(62): #warning: keyword redefined: PRECISION
precision_macros.h(62): #warning: keyword redefined: PRECISION
precision_macros.h(62): #warning: keyword redefined: PRECISION
precision_macros.h(237): #warning: keyword redefined: PRECISION
precision_macros.h(237): #warning: keyword redefined: PRECISION
./elpa-2018.05.001/elpa_solve_evp_complex_2stage_double_impl.F90(67): error #7002: Error in opening the compiled module file.  Check INCLUDE paths.   [ELPA2_COMPUTE_COMPLEX]
   use elpa2_compute_complex
-------^
./elpa-2018.05.001/elpa_solve_evp_complex_2stage_double_impl.F90(68): error #7002: Error in opening the compiled module file.  Check INCLUDE paths.   [ELPA1_COMPUTE_COMPLEX]
   use elpa1_compute_complex
-------^
./elpa-2018.05.001/elpa_solve_evp_real_2stage_double_impl.F90(67): error #7002: Error in opening the compiled module file.  Check INCLUDE paths.   [ELPA2_COMPUTE_REAL]
./elpa-2018.05.001/elpa_solve_evp_complex_2stage_double_impl.F90(69): error #7002: Error in opening the compiled module file.  Check INCLUDE paths.   [ELPA1_COMPUTE_REAL]
   use elpa2_compute_real
   use elpa1_compute_real
-------^
-------^
./elpa-2018.05.001/elpa_solve_evp_real_2stage_double_impl.F90(68): error #7002: Error in opening the compiled module file.  Check INCLUDE paths.   [ELPA1_COMPUTE_REAL]
   use elpa1_compute_real
-------^
./elpa-2018.05.001/elpa2_compute_complex.F90(58): error #7002: Error in opening the compiled module file.  Check INCLUDE paths.   [ELPA1_COMPUTE_COMPLEX]
  USE elpa1_compute_complex
------^
./elpa-2018.05.001/elpa2_compute_real.F90(58): error #7002: Error in opening the compiled module file.  Check INCLUDE paths.   [ELPA1_COMPUTE_REAL]
  USE elpa1_compute_real
------^
./elpa-2018.05.001/elpa_solve_evp_complex_2stage_double_impl.F90(468): error #6632: Keyword arguments are invalid without an explicit interface.   [SUCCESS]
       nrThreads, success=success, kernel=kernel)
------------------^
./elpa-2018.05.001/elpa_solve_evp_complex_2stage_double_impl.F90(468): error #6632: Keyword arguments are invalid without an explicit interface.   [KERNEL]
       nrThreads, success=success, kernel=kernel)
-----------------------------------^
./elpa-2018.05.001/elpa_solve_evp_real_2stage_double_impl.F90(466): error #6632: Keyword arguments are invalid without an explicit interface.   [SUCCESS]
       nrThreads, success=success, kernel=kernel)
------------------^
./elpa-2018.05.001/elpa_solve_evp_real_2stage_double_impl.F90(466): error #6632: Keyword arguments are invalid without an explicit interface.   [KERNEL]
       nrThreads, success=success, kernel=kernel)
-----------------------------------^
compilation aborted for ./elpa-2018.05.001/elpa_solve_evp_complex_2stage_double_impl.F90 (code 1)
compilation aborted for ./elpa-2018.05.001/elpa_solve_evp_real_2stage_double_impl.F90 (code 1)
./elpa-2018.05.001/elpa2_bandred_template.F90(104): error #7002: Error in opening the compiled module file.  Check INCLUDE paths.   [ELPA1_COMPUTE_REAL]
      use elpa1_compute_real
----------^
make: *** [makefile:1217: elpa_solve_evp_complex_2stage_double_impl.o] Error 1
make: *** Waiting for unfinished jobs....
make: *** [makefile:1215: elpa_solve_evp_real_2stage_double_impl.o] Error 1
./elpa-2018.05.001/elpa2_bandred_template.F90(104): error #7002: Error in opening the compiled module file.  Check INCLUDE paths.   [ELPA1_COMPUTE_REAL]
      use elpa1_compute_real
----------^
compilation aborted for ./elpa-2018.05.001/elpa2_compute_complex.F90 (code 1)
make: *** [makefile:1213: elpa2_compute_complex.o] Error 1
compilation aborted for ./elpa-2018.05.001/elpa2_compute_real.F90 (code 1)
make: *** [makefile:1211: elpa2_compute_real.o] Error 1
precision_macros.h(62): #warning: keyword redefined: PRECISION
precision_macros.h(237): #warning: keyword redefined: PRECISION
precision_macros.h(62): #warning: keyword redefined: PRECISION
precision_macros.h(237): #warning: keyword redefined: PRECISION
icc: warning #10237: -lcilkrts linked in dynamically, static library not available
